Determining if the pthread_create exist failed with the following output:
Change Dir: /home/cs18/Desktop/PA7-1/PA7/Assignment7/build/CMakeFiles/CMakeTmp

Run Build Command:"/usr/bin/make" "cmTC_cec6d/fast"
/usr/bin/make -f CMakeFiles/cmTC_cec6d.dir/build.make CMakeFiles/cmTC_cec6d.dir/build
make[1]: Entering directory '/home/cs18/Desktop/PA7-1/PA7/Assignment7/build/CMakeFiles/CMakeTmp'
Building C object CMakeFiles/cmTC_cec6d.dir/CheckSymbolExists.c.o
/usr/bin/gcc    -o CMakeFiles/cmTC_cec6d.dir/CheckSymbolExists.c.o   -c /home/cs18/Desktop/PA7-1/PA7/Assignment7/build/CMakeFiles/CMakeTmp/CheckSymbolExists.c
Linking C executable cmTC_cec6d
/usr/bin/cmake -E cmake_link_script CMakeFiles/cmTC_cec6d.dir/link.txt --verbose=1
/usr/bin/gcc      CMakeFiles/cmTC_cec6d.dir/CheckSymbolExists.c.o  -o cmTC_cec6d 
CMakeFiles/cmTC_cec6d.dir/CheckSymbolExists.c.o: In function `main':
CheckSymbolExists.c:(.text+0x1b): undefined reference to `pthread_create'
collect2: error: ld returned 1 exit status
CMakeFiles/cmTC_cec6d.dir/build.make:97: recipe for target 'cmTC_cec6d' failed
make[1]: *** [cmTC_cec6d] Error 1
make[1]: Leaving directory '/home/cs18/Desktop/PA7-1/PA7/Assignment7/build/CMakeFiles/CMakeTmp'
Makefile:126: recipe for target 'cmTC_cec6d/fast' failed
make: *** [cmTC_cec6d/fast] Error 2

File /home/cs18/Desktop/PA7-1/PA7/Assignment7/build/CMakeFiles/CMakeTmp/CheckSymbolExists.c:
/* */
#include <pthread.h>

int main(int argc, char** argv)
{
  (void)argv;
#ifndef pthread_create
  return ((int*)(&pthread_create))[argc];
#else
  (void)argc;
  return 0;
#endif
}

Determining if the function pthread_create exists in the pthreads failed with the following output:
Change Dir: /home/cs18/Desktop/PA7-1/PA7/Assignment7/build/CMakeFiles/CMakeTmp

Run Build Command:"/usr/bin/make" "cmTC_5590c/fast"
/usr/bin/make -f CMakeFiles/cmTC_5590c.dir/build.make CMakeFiles/cmTC_5590c.dir/build
make[1]: Entering directory '/home/cs18/Desktop/PA7-1/PA7/Assignment7/build/CMakeFiles/CMakeTmp'
Building C object CMakeFiles/cmTC_5590c.dir/CheckFunctionExists.c.o
/usr/bin/gcc   -DCHECK_FUNCTION_EXISTS=pthread_create   -o CMakeFiles/cmTC_5590c.dir/CheckFunctionExists.c.o   -c /usr/share/cmake-3.10/Modules/CheckFunctionExists.c
Linking C executable cmTC_5590c
/usr/bin/cmake -E cmake_link_script CMakeFiles/cmTC_5590c.dir/link.txt --verbose=1
/usr/bin/gcc  -DCHECK_FUNCTION_EXISTS=pthread_create    CMakeFiles/cmTC_5590c.dir/CheckFunctionExists.c.o  -o cmTC_5590c -lpthreads 
/usr/bin/ld: cannot find -lpthreads
collect2: error: ld returned 1 exit status
CMakeFiles/cmTC_5590c.dir/build.make:97: recipe for target 'cmTC_5590c' failed
make[1]: *** [cmTC_5590c] Error 1
make[1]: Leaving directory '/home/cs18/Desktop/PA7-1/PA7/Assignment7/build/CMakeFiles/CMakeTmp'
Makefile:126: recipe for target 'cmTC_5590c/fast' failed
make: *** [cmTC_5590c/fast] Error 2


